# JRE version: OpenJDK Runtime Environment (17.0.10) (build 17.0.10+0--11609105)
# Java VM: OpenJDK 64-Bit Server VM (17.0.10+0--11609105, mixed mode, tiered, compressed oops, compressed class ptrs, g1 gc, windows-amd64)
GC Precious Log:
 CPUs: 4 total, 4 available
 Memory: 7931M
 Large Page Support: Disabled
 NUMA Support: Disabled
 Compressed Oops: Enabled (32-bit)
 Heap Region Size: 1M
 Heap Min Capacity: 8M
 Heap Initial Capacity: 124M
 Heap Max Capacity: 2G
 Pre-touch: Disabled
 Parallel Workers: 4
 Concurrent Workers: 1
 Concurrent Refinement Workers: 4
 Periodic GC: Disabled
Heap:
 garbage-first heap   total 243712K, used 202256K [0x0000000080000000, 0x0000000100000000)
  region size 1024K, 18 young (18432K), 4 survivors (4096K)
 Metaspace       used 124231K, committed 125248K, reserved 1179648K
  class space    used 16573K, committed 17088K, reserved 1048576K
GC Heap History (20 events):
Event: 1507.409 GC heap before
{Heap before GC invocations=56 (full 0):
 garbage-first heap   total 201728K, used 171705K [0x0000000080000000, 0x0000000100000000)
  region size 1024K, 37 young (37888K), 5 survivors (5120K)
 Metaspace       used 118018K, committed 118976K, reserved 1179648K
  class space    used 15924K, committed 16384K, reserved 1048576K
}
Event: 1507.437 GC heap after
{Heap after GC invocations=57 (full 0):
 garbage-first heap   total 201728K, used 142641K [0x0000000080000000, 0x0000000100000000)
  region size 1024K, 5 young (5120K), 5 survivors (5120K)
 Metaspace       used 118018K, committed 118976K, reserved 1179648K
  class space    used 15924K, committed 16384K, reserved 1048576K
}
Event: 1511.735 GC heap before
{Heap before GC invocations=57 (full 0):
 garbage-first heap   total 201728K, used 171313K [0x0000000080000000, 0x0000000100000000)
  region size 1024K, 34 young (34816K), 5 survivors (5120K)
 Metaspace       used 120074K, committed 121024K, reserved 1179648K
  class space    used 16114K, committed 16576K, reserved 1048576K
}
Event: 1511.771 GC heap after
{Heap after GC invocations=58 (full 0):
 garbage-first heap   total 201728K, used 145683K [0x0000000080000000, 0x0000000100000000)
  region size 1024K, 3 young (3072K), 3 survivors (3072K)
 Metaspace       used 120074K, committed 121024K, reserved 1179648K
  class space    used 16114K, committed 16576K, reserved 1048576K
}
Event: 1513.875 GC heap before
{Heap before GC invocations=58 (full 0):
 garbage-first heap   total 201728K, used 173331K [0x0000000080000000, 0x0000000100000000)
  region size 1024K, 30 young (30720K), 3 survivors (3072K)
 Metaspace       used 121494K, committed 122432K, reserved 1179648K
  class space    used 16315K, committed 16768K, reserved 1048576K
}
Event: 1513.898 GC heap after
{Heap after GC invocations=59 (full 0):
 garbage-first heap   total 201728K, used 147006K [0x0000000080000000, 0x0000000100000000)
  region size 1024K, 2 young (2048K), 2 survivors (2048K)
 Metaspace       used 121494K, committed 122432K, reserved 1179648K
  class space    used 16315K, committed 16768K, reserved 1048576K
}
Event: 1518.794 GC heap before
{Heap before GC invocations=59 (full 0):
 garbage-first heap   total 201728K, used 172606K [0x0000000080000000, 0x0000000100000000)
  region size 1024K, 28 young (28672K), 2 survivors (2048K)
 Metaspace       used 122974K, committed 123840K, reserved 1179648K
  class space    used 16475K, committed 16896K, reserved 1048576K
}
Event: 1518.813 GC heap after
{Heap after GC invocations=60 (full 0):
 garbage-first heap   total 201728K, used 151047K [0x0000000080000000, 0x0000000100000000)
  region size 1024K, 4 young (4096K), 4 survivors (4096K)
 Metaspace       used 122974K, committed 123840K, reserved 1179648K
  class space    used 16475K, committed 16896K, reserved 1048576K
}
Event: 1520.209 GC heap before
{Heap before GC invocations=60 (full 0):
 garbage-first heap   total 201728K, used 174599K [0x0000000080000000, 0x0000000100000000)
  region size 1024K, 25 young (25600K), 4 survivors (4096K)
 Metaspace       used 123049K, committed 123904K, reserved 1179648K
  class space    used 16475K, committed 16896K, reserved 1048576K
}
Event: 1520.257 GC heap after
{Heap after GC invocations=61 (full 0):
 garbage-first heap   total 201728K, used 162146K [0x0000000080000000, 0x0000000100000000)
  region size 1024K, 4 young (4096K), 4 survivors (4096K)
 Metaspace       used 123049K, committed 123904K, reserved 1179648K
  class space    used 16475K, committed 16896K, reserved 1048576K
}
Event: 1520.515 GC heap before
{Heap before GC invocations=61 (full 0):
 garbage-first heap   total 201728K, used 169314K [0x0000000080000000, 0x0000000100000000)
  region size 1024K, 12 young (12288K), 4 survivors (4096K)
 Metaspace       used 123118K, committed 124032K, reserved 1179648K
  class space    used 16475K, committed 16896K, reserved 1048576K
}
Event: 1520.523 GC heap after
{Heap after GC invocations=62 (full 0):
 garbage-first heap   total 201728K, used 165888K [0x0000000080000000, 0x0000000100000000)
  region size 1024K, 2 young (2048K), 2 survivors (2048K)
 Metaspace       used 123118K, committed 124032K, reserved 1179648K
  class space    used 16475K, committed 16896K, reserved 1048576K
}
Event: 1520.708 GC heap before
{Heap before GC invocations=62 (full 0):
 garbage-first heap   total 201728K, used 173056K [0x0000000080000000, 0x0000000100000000)
  region size 1024K, 9 young (9216K), 2 survivors (2048K)
 Metaspace       used 123121K, committed 124032K, reserved 1179648K
  class space    used 16475K, committed 16896K, reserved 1048576K
}
Event: 1520.714 GC heap after
{Heap after GC invocations=63 (full 0):
 garbage-first heap   total 201728K, used 169904K [0x0000000080000000, 0x0000000100000000)
  region size 1024K, 2 young (2048K), 2 survivors (2048K)
 Metaspace       used 123121K, committed 124032K, reserved 1179648K
  class space    used 16475K, committed 16896K, reserved 1048576K
}
Event: 1520.898 GC heap before
{Heap before GC invocations=63 (full 0):
 garbage-first heap   total 201728K, used 177072K [0x0000000080000000, 0x0000000100000000)
  region size 1024K, 9 young (9216K), 2 survivors (2048K)
 Metaspace       used 123360K, committed 124416K, reserved 1179648K
  class space    used 16496K, committed 17024K, reserved 1048576K
}
Event: 1520.903 GC heap after
{Heap after GC invocations=64 (full 0):
 garbage-first heap   total 201728K, used 172219K [0x0000000080000000, 0x0000000100000000)
  region size 1024K, 2 young (2048K), 2 survivors (2048K)
 Metaspace       used 123360K, committed 124416K, reserved 1179648K
  class space    used 16496K, committed 17024K, reserved 1048576K
}
Event: 1521.328 GC heap before
{Heap before GC invocations=64 (full 0):
 garbage-first heap   total 201728K, used 179387K [0x0000000080000000, 0x0000000100000000)
  region size 1024K, 9 young (9216K), 2 survivors (2048K)
 Metaspace       used 123639K, committed 124608K, reserved 1179648K
  class space    used 16528K, committed 17024K, reserved 1048576K
}
Event: 1521.332 GC heap after
{Heap after GC invocations=65 (full 0):
 garbage-first heap   total 243712K, used 170904K [0x0000000080000000, 0x0000000100000000)
  region size 1024K, 1 young (1024K), 1 survivors (1024K)
 Metaspace       used 123639K, committed 124608K, reserved 1179648K
  class space    used 16528K, committed 17024K, reserved 1048576K
}
Event: 1528.579 GC heap before
{Heap before GC invocations=65 (full 0):
 garbage-first heap   total 243712K, used 206744K [0x0000000080000000, 0x0000000100000000)
  region size 1024K, 29 young (29696K), 1 survivors (1024K)
 Metaspace       used 123988K, committed 124992K, reserved 1179648K
  class space    used 16554K, committed 17088K, reserved 1048576K
}
Event: 1528.595 GC heap after
{Heap after GC invocations=66 (full 0):
 garbage-first heap   total 243712K, used 174608K [0x0000000080000000, 0x0000000100000000)
  region size 1024K, 4 young (4096K), 4 survivors (4096K)
 Metaspace       used 123988K, committed 124992K, reserved 1179648K
  class space    used 16554K, committed 17088K, reserved 1048576K
}

